0000000000000000 T __code_start
0000000000000000 0000000000000401 b __fixedpath
0000000000000000 A __start__
0000000000000000 T _start
0000000000000000 b _TLS_MODULE_BASE_
0000000000000080 t startup
00000000000000a4 t bssclr_start
00000000000000cc t bss_loop
0000000000000120 T __nx_exit
0000000000000130 T __nx_mod0
0000000000000158 T _init
00000000000001c0 0000000000000038 T exit
0000000000000200 00000000000001c8 T main
00000000000003c8 t deregister_tm_clones
00000000000003f8 t register_tm_clones
0000000000000404 0000000000000004 b fsdev_last_result
0000000000000408 0000000000002000 b tmp_buffer.7483
0000000000000430 t __do_global_dtors_aux
0000000000000478 t frame_dummy
00000000000004b0 000000000000007c T do_iram_dram_copy
0000000000000530 000000000000002c t _splSrvInitialize
0000000000000560 000000000000007c t _splGetCryptoSrv
00000000000005e0 0000000000000018 t _splGetGeneralSrv.part.6
0000000000000600 0000000000000034 t ipcCloseObjectById
0000000000000640 0000000000000078 t _splSrvExit
00000000000006c0 000000000000001c T splInitialize
00000000000006e0 0000000000000014 T splExit
0000000000000700 00000000000000f4 T splSetConfig
0000000000000800 0000000000000034 t ipcCloseObjectById
0000000000000840 0000000000000124 t _hidGetSharedMemoryHandle.constprop.18
0000000000000970 0000000000000100 t _hidCmdWithNoInput
0000000000000a70 0000000000000134 t _hidCreateAppletResource.constprop.17
0000000000000bb0 000000000000010c t _hidCmdWithInputU32
0000000000000cc0 0000000000000108 t _hidCmdWithInputU64.constprop.24
0000000000000dd0 00000000000001f8 T hidReset
0000000000000fd0 000000000000000c T hidGetSharedmemAddr
0000000000000fe0 000000000000006c T hidKeysDown
0000000000001050 000000000000000c T hidTouchCount
0000000000001060 0000000000000598 T hidScanInput
0000000000001600 000000000000000c T hidSetSupportedNpadStyleSet
0000000000001610 0000000000000198 T hidSetSupportedNpadIdType
00000000000017b0 0000000000000008 T hidSetNpadJoyHoldType
00000000000017c0 0000000000000024 T hidSetNpadJoyAssignmentModeDual
00000000000017f0 0000000000000080 T hidFinalizeSevenSixAxisSensor
0000000000001870 0000000000000134 T hidExit
00000000000019b0 0000000000000170 T hidInitialize
0000000000001b20 0000000000000220 t ipcPrepareHeader
0000000000001d40 000000000000022c t ipcParse
0000000000001f70 00000000000000b0 t serviceIpcParse
0000000000002020 0000000000000024 t _appletInfiniteSleepLoop
0000000000002050 0000000000000078 t ipcConvertSessionToDomain
00000000000020d0 00000000000000a8 t serviceIpcPrepareHeader
0000000000002180 0000000000000038 t ipcQueryPointerBufferSize.part.38
00000000000021c0 0000000000000084 t ipcCloneSession.constprop.62
0000000000002250 000000000000019c t _appletGetSessionProxy.constprop.57
00000000000023f0 0000000000000034 t ipcCloseObjectById
0000000000002408 0000000000002000 b tmp_buffer.7507
0000000000002430 000000000000006c t serviceClose
00000000000024a0 0000000000000148 t _appletGetLaunchReason
00000000000025f0 00000000000001b8 t _appletCmdNoInOut32
00000000000027b0 00000000000001b8 t _appletCmdNoInOut64
0000000000002970 00000000000001b8 t _appletGetLibraryAppletInfo
0000000000002b30 00000000000001b8 t _appletCmdNoInOutU8
0000000000002cf0 0000000000000044 t _appletCmdNoInOutBool
0000000000002d40 00000000000001b0 t _appletCmdInU8
0000000000002ef0 00000000000001b8 t _appletSetFocusHandlingMode
00000000000030b0 00000000000001b4 t _appletGetHandle.constprop.60
0000000000003270 0000000000000064 t _appletGetEvent
00000000000032e0 000000000000017c t _appletCmdNoIO
0000000000003460 0000000000000190 t _appletCmdInU32
00000000000035f0 00000000000001dc t _appletGetSession
00000000000037d0 0000000000000010 T appletGetAppletType
00000000000037e0 00000000000000fc T appletSetFocusHandlingMode
00000000000038e0 000000000000005c T appletSetCpuBoostMode
0000000000003940 0000000000000014 T appletCreateManagedDisplayLayer
0000000000003960 0000000000000028 T appletGetAppletResourceUserId
0000000000003990 0000000000000128 t _appletGetIndirectLayerConsumerHandle
0000000000003ac0 0000000000000070 t _appletHolderCreateState
0000000000003b30 0000000000000094 T appletHolderClose
0000000000003bd0 0000000000000008 T appletHolderGetLibraryAppletInfo
0000000000003be0 0000000000000058 T appletNotifyRunning
0000000000003c40 00000000000000e8 T appletSetGamePlayRecordingState
0000000000003d30 0000000000000674 T appletExit
00000000000043b0 0000000000000020 t _appletExitProcess
00000000000043d0 0000000000000030 T appletGetLibraryAppletInfo
0000000000004400 0000000000000818 T appletInitialize
0000000000004c20 0000000000000068 T appletGetMessage
0000000000004c90 0000000000000220 T appletProcessMessage
0000000000004eb0 0000000000000034 T appletMainLoop
0000000000004ef0 0000000000000254 T envSetup
0000000000005150 0000000000000020 T envGetMainThreadHandle
0000000000005170 000000000000000c T envIsNso
0000000000005180 0000000000000014 T envHasHeapOverride
00000000000051a0 000000000000000c T envGetHeapOverrideAddr
00000000000051b0 000000000000000c T envGetHeapOverrideSize
00000000000051c0 0000000000000014 T envHasArgv
00000000000051e0 000000000000000c T envGetArgv
00000000000051f0 000000000000000c T envGetExitFuncPtr
0000000000005200 000000000000000c T envSetExitFuncPtr
0000000000005210 0000000000000010 T hosversionGet
0000000000005220 0000000000000010 T hosversionSet
0000000000005230 0000000000000044 t consoleDrawChar
0000000000005280 0000000000000140 t consoleClearLine
00000000000053c0 000000000000004c t consoleNewRow
0000000000005410 0000000000000118 t consolePrintChar
0000000000005530 000000000000015c t consoleCls
0000000000005690 00000000000007e0 t con_write
0000000000005e70 000000000000011c T consoleInit
0000000000005f90 0000000000000048 T consoleExit
0000000000005fe0 0000000000000028 T consoleUpdate
0000000000006008 T svcSetHeapSize
000000000000601c T svcSetMemoryAttribute
0000000000006024 T svcUnmapMemory
000000000000602c T svcQueryMemory
0000000000006040 T svcExitProcess
0000000000006048 T svcSleepThread
0000000000006050 T svcMapSharedMemory
0000000000006058 T svcUnmapSharedMemory
0000000000006060 T svcCreateTransferMemory
0000000000006074 T svcCloseHandle
000000000000607c T svcResetSignal
0000000000006084 T svcWaitSynchronization
0000000000006098 T svcArbitrateLock
00000000000060a0 T svcArbitrateUnlock
00000000000060a8 T svcWaitProcessWideKeyAtomic
00000000000060b0 T svcSignalProcessWideKey
00000000000060b8 T svcConnectToNamedPort
00000000000060cc T svcSendSyncRequest
00000000000060d4 T svcBreak
00000000000060dc T svcReturnFromException
00000000000060e4 T svcGetInfo
00000000000060f8 T svcUnmapTransferMemory
0000000000006100 T svcCallSecureMonitor
0000000000006134 W __libnx_exception_entry
00000000000061c0 t __libnx_exception_entry_start
00000000000062e8 t __libnx_exception_entry_abort
00000000000062ec t __libnx_exception_entry_end
00000000000062f4 T __libnx_exception_returnentry
0000000000006310 000000000000000c T eventLoadRemote
0000000000006320 0000000000000038 T eventWait
0000000000006360 0000000000000050 T eventClose
00000000000063b0 00000000000000a8 T tmemCreate
0000000000006460 0000000000000058 T tmemUnmap
00000000000064c0 0000000000000068 T tmemClose
0000000000006530 0000000000000058 T rwlockReadLock
0000000000006590 000000000000005c T rwlockReadUnlock
00000000000065f0 0000000000000084 T rwlockWriteLock
0000000000006680 000000000000003c T rwlockWriteUnlock
00000000000066c0 0000000000000104 t _waitLoop
00000000000067d0 0000000000000338 t _waitObjectsImpl
0000000000006b10 000000000000000c T waitObjects
0000000000006b20 0000000000000014 T shmemLoadRemote
0000000000006b40 0000000000000084 T shmemMap
0000000000006bd0 0000000000000058 T shmemUnmap
0000000000006c30 0000000000000044 T shmemClose
0000000000006c80 0000000000000034 t ipcCloseObjectById
0000000000006cc0 0000000000000044 T smAddOverrideHandle
0000000000006d10 0000000000000060 T smGetServiceOverride
0000000000006d70 0000000000000014 T smHasInitialized
0000000000006d90 000000000000009c T smExit
0000000000006e30 0000000000000038 T smEncodeName
0000000000006e70 000000000000022c T smGetServiceOriginal
00000000000070a0 000000000000027c T smInitialize
0000000000007320 0000000000000074 T smGetService
00000000000073a0 0000000000000140 t _fatalImpl
00000000000074e0 0000000000000014 T fatalWithType
0000000000007500 0000000000000014 T fatalSimple
0000000000007520 0000000000000034 t ipcCloseObjectById
0000000000007560 0000000000000124 t _apmGetSession.constprop.4
0000000000007690 00000000000000f0 T apmExit
0000000000007780 0000000000000070 T apmInitialize
00000000000077f0 00000000000000cc T apmSetPerformanceConfiguration
00000000000078c0 0000000000000324 T argvSetup
0000000000007bf0 00000000000000c4 T nxlinkSetup
0000000000007cc0 00000000000000d8 W __libnx_initheap
0000000000007da0 00000000000000e4 W __appInit
0000000000007e90 0000000000000044 W __appExit
0000000000007ee0 0000000000000028 W __libnx_init
0000000000007f10 0000000000000020 W __libnx_exit
0000000000007f30 00000000000000a0 T __nx_dynamic
0000000000007fd0 0000000000000010 t fsdev_link
0000000000007fe0 0000000000000010 t fsdev_dirreset
0000000000007ff0 0000000000000010 t fsdev_chmod
0000000000008000 000000000000001c t error_cmp
0000000000008020 000000000000005c t fsdev_translate_error
0000000000008080 0000000000000040 t fsdev_fsync
00000000000080c0 0000000000000060 t fsdev_ftruncate
0000000000008120 0000000000000020 t fsdev_dirclose
0000000000008140 000000000000016c t fsdev_dirnext
00000000000082b0 000000000000001c t fsdev_close
00000000000082d0 00000000000000a4 t fsdev_fstat
0000000000008380 00000000000000b0 t fsdev_seek
0000000000008430 00000000000001a0 t fsdev_read
00000000000085d0 00000000000001a8 t fsdev_write
0000000000008780 0000000000000120 t fsdevFindDevice
00000000000088a0 0000000000000140 t _fsdevMountDevice
00000000000089e0 00000000000001fc t fsdev_getfspath
0000000000008be0 0000000000000070 t fsdev_rmdir
0000000000008c50 00000000000000d4 t fsdev_statvfs
0000000000008d30 00000000000000ec t fsdev_diropen
0000000000008e20 0000000000000070 t fsdev_mkdir
0000000000008e90 0000000000000114 t fsdev_rename
0000000000008fb0 00000000000000e8 t fsdev_chdir
00000000000090a0 0000000000000070 t fsdev_unlink
0000000000009110 00000000000001bc t fsdev_stat
00000000000092d0 000000000000019c t fsdev_open
0000000000009470 00000000000000b8 t _fsdevUnmountDeviceStruct.part.4
0000000000009530 0000000000000010 t fsdev_fchmod
0000000000009540 0000000000000170 T fsdevMountSdmc
00000000000096b0 0000000000000064 T fsdevUnmountAll
0000000000009720 0000000000000070 t ConsoleSwRenderer_flushAndSwap
0000000000009790 00000000000000c4 t ConsoleSwRenderer_scrollWindow
0000000000009860 0000000000000188 t ConsoleSwRenderer_drawChar
00000000000099f0 000000000000003c t ConsoleSwRenderer_deinit
0000000000009a30 00000000000000f4 t ConsoleSwRenderer_init
0000000000009b30 000000000000000c W getDefaultConsoleRenderer
0000000000009b40 000000000000012c T decode_utf8
0000000000009c6c T __aarch64_read_tp
0000000000009c80 0000000000000060 T condvarWaitTimeout
0000000000009ce0 000000000000007c t _GetRegionFromInfo.isra.1
0000000000009d60 0000000000000114 T virtmemSetup
0000000000009e80 000000000000013c T virtmemReserve
0000000000009fc0 0000000000000004 T virtmemFree
0000000000009fd0 000000000000008c T mutexLock
000000000000a060 0000000000000030 T mutexUnlock
000000000000a090 000000000000004c T rmutexLock
000000000000a0e0 000000000000001c T rmutexUnlock
000000000000a100 000000000000017c T detectKernelVersion
000000000000a280 0000000000000030 T detectDebugger
000000000000a2b0 0000000000000220 t ipcPrepareHeader
000000000000a4d0 000000000000022c t ipcParse
000000000000a700 00000000000000b0 t serviceIpcParse
000000000000a7b0 0000000000000034 t ipcCloseObjectById
000000000000a7f0 0000000000000200 T fsInitialize
000000000000a9f0 000000000000009c T fsExit
000000000000aa90 00000000000001ec T fsMountSdcard
000000000000ac80 00000000000001a4 T fsFsCreateFile
000000000000ae30 000000000000019c T fsFsDeleteFile
000000000000afd0 000000000000019c T fsFsCreateDirectory
000000000000b170 000000000000019c T fsFsDeleteDirectory
000000000000b310 0000000000000214 T fsFsRenameFile
000000000000b530 0000000000000214 T fsFsRenameDirectory
000000000000b750 00000000000001b0 T fsFsGetEntryType
000000000000b900 0000000000000150 T fsFsOpenFile
000000000000ba50 0000000000000150 T fsFsOpenDirectory
000000000000bba0 00000000000001b0 T fsFsGetFreeSpace
000000000000bd50 00000000000001b0 T fsFsGetTotalSpace
000000000000bf00 0000000000000194 T fsFsGetFileTimeStampRaw
000000000000c0a0 000000000000006c T fsFsClose
000000000000c110 00000000000001fc T fsFileRead
000000000000c310 00000000000001c8 T fsFileWrite
000000000000c4e0 000000000000017c T fsFileFlush
000000000000c660 000000000000018c T fsFileSetSize
000000000000c7f0 00000000000001c0 T fsFileGetSize
000000000000c9b0 000000000000006c T fsFileClose
000000000000ca20 000000000000006c T fsDirClose
000000000000ca90 00000000000001ec T fsDirRead
000000000000cc80 0000000000000034 t ipcCloseObjectById
000000000000ccc0 00000000000001d4 t _setsysGetFirmwareVersionImpl
000000000000cea0 000000000000003c T setsysInitialize
000000000000cee0 000000000000009c T setsysExit
000000000000cf80 0000000000000044 T setsysGetFirmwareVersion
000000000000cfd0 0000000000000034 t ipcCloseObjectById
000000000000d010 000000000000012c t _timeGetSession
000000000000d140 00000000000001ec T timeExit
000000000000d330 00000000000000d8 T timeInitialize
000000000000d410 0000000000000124 T timeGetCurrentTime
000000000000d540 0000000000000118 T timeToCalendarTimeWithMyRule
000000000000d660 0000000000000054 t _nwindowConnect
000000000000d6c0 0000000000000040 t _nwindowDisconnect
000000000000d700 0000000000000024 T nwindowIsValid
000000000000d730 000000000000006c T nwindowClose
000000000000d7a0 00000000000000d4 T nwindowCreate
000000000000d880 0000000000000034 T nwindowCreateFromLayer
000000000000d8c0 0000000000000088 T nwindowSetDimensions
000000000000d950 0000000000000154 T nwindowConfigureBuffer
000000000000dab0 00000000000001e4 T nwindowDequeueBuffer
000000000000dca0 0000000000000144 T nwindowQueueBuffer
000000000000ddf0 00000000000000ac T nwindowReleaseBuffers
000000000000dea0 000000000000000c T nwindowGetDefault
000000000000deb0 00000000000000c8 T __nx_win_init
000000000000df80 0000000000000034 T __nx_win_exit
000000000000dfc0 00000000000000c8 t ipcQueryPointerBufferSize
000000000000e090 0000000000000234 t _binderTransactParcel
000000000000e2d0 0000000000000378 t _binderTransactParcelAuto
000000000000e650 0000000000000018 T binderCreate
000000000000e670 0000000000000010 T binderTransactParcel
000000000000e680 0000000000000124 T binderConvertErrorCode
000000000000e7b0 00000000000001b4 T binderAdjustRefcount
000000000000e970 0000000000000074 T binderClose
000000000000e9f0 00000000000000cc T binderInitSession
000000000000eac0 000000000000024c T binderGetNativeHandle
000000000000ed10 00000000000000e8 T bqRequestBuffer
000000000000ee00 0000000000000154 T bqDequeueBuffer
000000000000ef60 000000000000009c T bqDetachBuffer
000000000000f000 00000000000000e0 T bqQueueBuffer
000000000000f0e0 0000000000000090 T bqCancelBuffer
000000000000f170 00000000000000e4 T bqConnect
000000000000f260 000000000000009c T bqDisconnect
000000000000f300 0000000000000178 T bqSetPreallocatedBuffer
000000000000f480 0000000000000080 T framebufferMakeLinear
000000000000f500 0000000000000078 T framebufferClose
000000000000f580 0000000000000298 T framebufferCreate
000000000000f820 0000000000000080 T framebufferBegin
000000000000f8a0 000000000000017c T framebufferEnd
000000000000fa20 000000000000001c T __syscall_exit
000000000000fa40 0000000000000034 T __syscall_getreent
000000000000fa80 0000000000000004 T __syscall_lock_acquire
000000000000fa90 0000000000000004 T __syscall_lock_release
000000000000faa0 0000000000000004 T __syscall_lock_acquire_recursive
000000000000fab0 0000000000000004 T __syscall_lock_release_recursive
000000000000fac0 000000000000027c T __libnx_init_time
000000000000fd40 0000000000000080 T newlibSetup
000000000000fdc0 T armDCacheFlush
000000000000fde4 t armDCacheFlush_L0
000000000000fe00 0000000000000034 t ipcCloseObjectById
000000000000fe40 0000000000000134 t _viGetSession.constprop.7
000000000000ff80 00000000000001e4 T viExit
0000000000010170 0000000000000300 T viInitialize
0000000000010470 000000000000000c T viGetSession_IHOSBinderDriverRelay
0000000000010480 0000000000000140 T viOpenDisplay
00000000000105c0 0000000000000104 T viCloseDisplay
00000000000106d0 0000000000000104 T viCloseLayer
00000000000107e0 0000000000000370 T viCreateLayer
0000000000010b50 00000000000000e8 T viSetLayerScalingMode
0000000000010c40 0000000000000034 t ipcCloseObjectById
0000000000010c80 00000000000000d8 t _nvSetClientPID
0000000000010d60 00000000000000c8 t ipcQueryPointerBufferSize.constprop.10
0000000000010e30 00000000000000f0 t _nvInitialize.constprop.8
0000000000010f20 000000000000010c t ipcCloneSession.constprop.9
0000000000011030 0000000000000100 T nvExit
0000000000011130 0000000000000184 T nvInitialize
00000000000112c0 000000000000012c T nvConvertError
00000000000113f0 000000000000012c T nvOpen
0000000000011520 0000000000000270 T nvIoctl
0000000000011790 00000000000000dc T nvClose
0000000000011870 000000000000015c T nvQueryEvent
00000000000119d0 000000000000006c T nvMapInit
0000000000011a40 0000000000000068 T nvMapExit
0000000000011ab0 0000000000000084 T nvMapClose
0000000000011b40 0000000000000150 T nvMapCreate
0000000000011c90 0000000000000060 t _nvFenceEventWaitCommon
0000000000011cf0 000000000000005c T nvFenceInit
0000000000011d50 0000000000000098 T nvFenceExit
0000000000011df0 00000000000001e4 T nvFenceWait
0000000000011fe0 000000000000007c T nvMultiFenceWait
0000000000012060 000000000000003c T nvioctlNvmap_Create
00000000000120a0 0000000000000030 T nvioctlNvmap_Alloc
00000000000120d0 0000000000000030 T nvioctlNvmap_Free
0000000000012100 000000000000003c T nvioctlNvmap_GetId
0000000000012140 0000000000000024 T nvioctlNvhostCtrl_EventSignal
0000000000012170 000000000000003c T nvioctlNvhostCtrl_EventWait
00000000000121b0 0000000000000028 T nvioctlNvhostCtrl_EventWaitAsync
00000000000121e0 0000000000000024 T nvioctlNvhostCtrl_EventRegister
0000000000012210 0000000000000024 T nvioctlNvhostCtrl_EventUnregister
0000000000012240 0000000000000028 T parcelCreate
0000000000012270 000000000000019c T parcelTransact
0000000000012410 0000000000000088 T parcelWriteData
00000000000124a0 0000000000000098 T parcelReadData
0000000000012540 0000000000000020 T parcelWriteInt32
0000000000012560 0000000000000020 T parcelWriteUInt32
0000000000012580 0000000000000080 T parcelWriteString16
0000000000012600 0000000000000030 T parcelWriteInterfaceToken
0000000000012630 0000000000000024 T parcelReadInt32
0000000000012660 0000000000000068 T parcelReadFlattenedObject
00000000000126d0 0000000000000044 T parcelWriteFlattenedObject
0000000000012718 0000000000000038 T aligned_alloc
0000000000012750 00000000000000b8 T bsearch
0000000000012808 0000000000000030 T calloc
0000000000012838 0000000000000094 T _calloc_r
00000000000128d0 0000000000000014 T __errno
00000000000128e8 000000000000015c T _fclose_r
0000000000012a48 000000000000001c T fclose
0000000000012a68 0000000000000214 T __sflush_r
0000000000012c80 00000000000000b8 T _fflush_r
0000000000012d38 0000000000000040 T fflush
0000000000012d78 0000000000000078 t std
0000000000012df0 000000000000000c T _cleanup_r
0000000000012e00 0000000000000060 T __sfmoreglue
0000000000012e60 000000000000000c T __sfp_lock_acquire
0000000000012e70 000000000000000c T __sfp_lock_release
0000000000012e80 000000000000000c T __sinit_lock_acquire
0000000000012e90 000000000000000c T __sinit_lock_release
0000000000012ea0 0000000000000080 T __sinit
0000000000012f20 0000000000000118 T __sfp
0000000000013038 0000000000000044 T __libc_fini_array
0000000000013080 0000000000000130 T _fopen_r
00000000000131b0 0000000000000030 T fopen
00000000000131e0 0000000000000328 T _fread_r
0000000000013508 0000000000000040 T fread
0000000000013548 0000000000000118 T _malloc_trim_r
0000000000013660 00000000000002f4 T _free_r
0000000000013958 0000000000000004 T _fseek_r
0000000000013960 00000000000004c4 T _fseeko_r
0000000000013e28 00000000000000b8 T _fwalk
0000000000013ee0 00000000000000bc T _fwalk_reent
0000000000013fa0 000000000000008c T __libc_init_array
0000000000014030 00000000000000a4 T __swhatbuf_r
00000000000140d8 000000000000010c T __smakebuf_r
00000000000141e8 0000000000000030 T memalign
0000000000014218 0000000000000198 T _memalign_r
00000000000143b0 000000000000001c T malloc
00000000000143d0 000000000000001c T free
00000000000143f0 000000000000087c T _malloc_r
0000000000014c6c 00000000000000d8 T memchr
0000000000014d80 000000000000016c T memcpy
0000000000014f00 00000000000001dc T memset
00000000000150e0 000000000000000c T __malloc_lock
00000000000150f0 000000000000000c T __malloc_unlock
0000000000015100 000000000000008c T printf
0000000000015190 00000000000000d4 T _puts_r
0000000000015268 000000000000001c T puts
0000000000015288 0000000000000020 t lflush
00000000000152a8 00000000000001d0 T __srefill_r
0000000000015478 000000000000003c T setenv
00000000000154b8 0000000000000264 T _setenv_r
0000000000015720 000000000000025c T setvbuf
0000000000015980 00000000000000bc T sscanf
0000000000015a40 0000000000000050 T __sread
0000000000015a90 0000000000000008 T __seofread
0000000000015a98 000000000000006c T __swrite
0000000000015b08 0000000000000050 T __sseek
0000000000015b58 0000000000000008 T __sclose
0000000000015b60 00000000000000dc T strchr
0000000000015c40 0000000000000140 T strlen
0000000000015d80 0000000000000084 T strncat
0000000000015e5c 00000000000001b8 T strncmp
0000000000016018 00000000000000a8 T strncpy
00000000000160e4 00000000000000e0 T strnlen
00000000000161a0 00000000000001ac t _strtoul_l.isra.0
0000000000016350 0000000000000034 T _strtoul_r
0000000000016388 0000000000000048 T strtoul
00000000000163d0 000000000000005c t get_arg
000000000001642c 0000000000002fd8 T __ssvfscanf_r
0000000000019404 000000000000076c t get_arg
0000000000019b70 0000000000003c28 T _vfprintf_r
000000000001d798 00000000000000ec t __sbprintf
000000000001d888 00000000000000d0 T _wcrtomb_r
000000000001d958 0000000000000010 T _wcsrtombs_r
000000000001d968 0000000000000140 T __swsetup_r
000000000001daa8 0000000000000124 T __call_exitprocs
000000000001dbd0 00000000000001a8 t quorem
000000000001dd78 00000000000010dc T _dtoa_r
000000000001ee58 000000000000000c T __env_lock
000000000001ee68 000000000000000c T __env_unlock
000000000001ee78 00000000000000a8 T __sflags
000000000001ef20 00000000000004b8 T __sfvwrite_r
000000000001f3d8 0000000000000100 T _findenv_r
000000000001f4d8 0000000000000008 T iswspace
000000000001f4e0 0000000000000008 T __localeconv_l
000000000001f4e8 0000000000000028 T _localeconv_r
000000000001f510 000000000000002c T __locale_mb_cur_max
000000000001f540 00000000000000d8 T _mbrtowc_r
000000000001f618 00000000000002c8 T __utf8_mbtowc
000000000001f900 00000000000000ac T memmove
000000000001f9b0 0000000000000090 T _Balloc
000000000001fa40 000000000000001c T _Bfree
000000000001fa60 00000000000000e8 T __multadd
000000000001fb48 0000000000000120 T __s2b
000000000001fc68 000000000000005c T __hi0bits
000000000001fcc8 00000000000000a0 T __lo0bits
000000000001fd68 000000000000002c T __i2b
000000000001fd98 00000000000001c8 T __multiply
000000000001ff60 0000000000000104 T __pow5mult
0000000000020068 0000000000000134 T __lshift
00000000000201a0 0000000000000050 T __mcmp
00000000000201f0 000000000000014c T __mdiff
0000000000020340 0000000000000068 T __ulp
00000000000203a8 0000000000000150 T __b2d
00000000000204f8 0000000000000138 T __d2b
0000000000020630 00000000000000a0 T __ratio
00000000000206d0 0000000000000068 T __copybits
0000000000020738 0000000000000084 T __any_on
00000000000207c0 0000000000000030 T realloc
00000000000207f0 000000000000056c T _realloc_r
0000000000020d60 00000000000000bc T __sccl
0000000000020e20 000000000000000c T nanf
0000000000020e30 000000000000007c T frexp
0000000000020eb0 00000000000000a8 T sprintf
0000000000020f58 00000000000000c8 T stpncpy
0000000000021040 00000000000000e4 T strcmp
0000000000021128 0000000000000054 t sulp
0000000000021180 00000000000010e8 T _strtod_l
0000000000022268 0000000000000040 T _strtod_r
00000000000222a8 00000000000001a0 t _strtoll_l.isra.0
0000000000022448 0000000000000034 T _strtoll_r
0000000000022480 00000000000001a0 t _strtol_l.isra.0
0000000000022620 0000000000000034 T _strtol_r
0000000000022658 00000000000001ac t _strtoull_l.isra.0
0000000000022808 0000000000000034 T _strtoull_r
000000000002283c 00000000000001c0 T __ssprint_r
00000000000229fc 00000000000000f4 T _sungetc_r
0000000000022af0 0000000000000070 T __ssrefill_r
0000000000022b60 00000000000000e0 T _sfread_r
0000000000022c40 000000000000076c t get_arg
00000000000233ac 0000000000003b38 T _svfprintf_r
0000000000026ee8 00000000000000c8 T __submore
0000000000026fb0 000000000000003c T __sprint_r
0000000000026ff0 00000000000001dc T _wcsnrtombs_l
00000000000271d0 0000000000000054 T _wcsnrtombs_r
0000000000027228 00000000000000e4 T __utf8_wctomb
0000000000027310 0000000000000114 t rshift
0000000000027428 00000000000007e8 T __gethex
0000000000027c10 0000000000000048 T __match
0000000000027c58 000000000000022c T __hexnan
0000000000027e88 000000000000004c T iswspace_l
0000000000027ed8 0000000000000244 t __jp2uc
0000000000028120 00000000000000bc T _jp2uc_l
00000000000281e0 000000000000000c T nan
00000000000281f0 0000000000000088 T category
0000000000028278 0000000000000008 t null_write
0000000000028280 0000000000000018 T setDefaultDevice
0000000000028298 0000000000000108 T FindDevice
00000000000283a0 0000000000000034 T RemoveDevice
00000000000283d8 00000000000000d8 T AddDevice
00000000000284b0 00000000000000a8 T _close_r
0000000000028558 0000000000000080 T _fstat_r
00000000000285d8 0000000000000008 T _isatty_r
00000000000285e0 0000000000000094 T _lseek_r
0000000000028678 00000000000000e0 T _open_r
0000000000028758 00000000000000a4 T _read_r
0000000000028800 0000000000000078 T _sbrk_r
0000000000028878 00000000000000a4 T _write_r
0000000000028920 0000000000000020 T _exit
0000000000028940 0000000000000234 T _concatenate_path
0000000000028b78 0000000000000178 T chdir
0000000000028cf0 0000000000000014 T __libc_lock_acquire
0000000000028d08 0000000000000014 T __libc_lock_release
0000000000028d20 000000000000000c T __libc_lock_init_recursive
0000000000028d30 0000000000000014 T __libc_lock_acquire_recursive
0000000000028d48 0000000000000014 T __libc_lock_release_recursive
0000000000028d60 0000000000000004 T __libc_lock_close_recursive
0000000000028d68 000000000000003c T __free_handle
0000000000028da8 0000000000000058 T __release_handle
0000000000028e00 00000000000000c0 T __alloc_handle
0000000000028ec0 0000000000000020 T __get_handle
0000000000028ee0 0000000000000020 T __getreent
0000000000028f00 0000000000000150 t __extenddftf2
0000000000029050 0000000000000348 t __trunctfdf2
0000000000029398 0000000000000070 t __sfp_handle_exceptions
0000000000029408 0000000000000100 T strrchr
0000000000029508 T _fini
000000000002a000 R __rodata_start
000000000002a110 0000000000000014 r CSWTCH.211
000000000002a214 R default_font_bin
000000000002c214 R default_font_bin_end
000000000002c214 R default_font_bin_size
000000000002c248 0000000000000020 r error_table
000000000002c270 0000000000000030 r colorTable
000000000002c2c8 0000000000000023 r g_bq_InterfaceDescriptor
000000000002c2f0 0000000000000038 r g_nvColorFmtTable
000000000002c388 0000000000000101 R _ctype_
000000000002c558 0000000000000022 r basefix.6623
000000000002c708 0000000000000010 r blanks.6605
000000000002c718 0000000000000010 r zeroes.6606
000000000002c7c0 0000000000000028 R __mprec_bigtens
000000000002c7e8 00000000000000c8 R __mprec_tens
000000000002c8b0 000000000000000c r p05.5339
000000000002c8f0 0000000000000014 r fpi.5419
000000000002c908 0000000000000014 r fpinan.5455
000000000002c920 0000000000000028 r tinytens
000000000002c948 000000000000006c R __action_table
000000000002c9b8 0000000000000100 R __chclass
000000000002cab8 000000000000006c R __state_table
000000000002cc70 0000000000000010 r blanks.6590
000000000002cc80 0000000000000010 r zeroes.6591
000000000002cc90 0000000000000100 R __hexdig
000000000002cda8 00000000000000bc r a1
000000000002ce68 00000000000000bc r a2
000000000002cf28 000000000000005b r a3
000000000002cf88 0000000000000070 r a6
000000000002cff8 00000000000000a2 r a7
000000000002d0a0 0000000000000040 r a8
000000000002d0e0 000000000000172a r b02cf
000000000002e810 0000000000001a7c r d02f4
0000000000030290 000000000000309c r categories
0000000000033338 0000000000000003 R DIRECTORY_PARENT
0000000000033340 r __EH_FRAME_BEGIN__
0000000000033340 R __eh_frame_hdr_end
0000000000033340 R __eh_frame_hdr_start
00000000000391dc r __FRAME_END__
00000000000391e0 a _DYNAMIC
000000000003c000 R __data_start
000000000003c000 t __frame_dummy_init_array_entry
000000000003c000 T __init_array_start
000000000003c000 B __preinit_array_end
000000000003c000 B __preinit_array_start
000000000003c000 D __tdata_lma
000000000003c000 D __tdata_lma_end
000000000003c008 t __do_global_dtors_aux_fini_array_entry
000000000003c008 T __fini_array_start
000000000003c008 T __init_array_end
000000000003c010 T __fini_array_end
000000000003c010 T __got_start__
000000000003c010 a _GLOBAL_OFFSET_TABLE_
000000000003c290 D __got_end__
000000000003c290 0000000000000001 V __nx_applet_auto_notifyrunning
000000000003c294 0000000000000004 V __nx_applet_type
000000000003c298 0000000000000001 d firstConsoleInit.6209
000000000003c2a0 0000000000000058 d defaultConsole
000000000003c2f8 0000000000000008 d currentConsole
000000000003c300 00000000000000e0 d dotab_stdout
000000000003c3e0 0000000000000008 V __nx_exception_stack_size
000000000003c3e8 0000000000000401 d __cwd
000000000003c7ec 0000000000000004 d fsdev_fsdevice_cwd
000000000003c7f0 0000000000000004 d fsdev_fsdevice_default
000000000003c7f8 00000000000000e0 d fsdev_devoptab
000000000003c8d8 0000000000000088 d s_consoleSwRenderer
000000000003c960 0000000000000004 V __nx_vi_stray_layer_flags
000000000003c964 0000000000000004 d g_viServiceType
000000000003c968 0000000000000004 V __nx_nv_transfermem_size
000000000003c96c 0000000000000004 d g_nvmap_fd
000000000003c970 0000000000000004 d g_ctrl_fd
000000000003c978 0000000000000008 D _impure_ptr
000000000003c980 0000000000000768 d impure_data
000000000003d0e8 0000000000000008 D _global_impure_ptr
000000000003d0f0 0000000000000008 D __malloc_sbrk_base
000000000003d0f8 0000000000000008 D __malloc_trim_threshold
000000000003d100 0000000000000810 D __malloc_av_
000000000003d910 0000000000000008 D environ
000000000003d918 00000000000001a8 D __global_locale
000000000003dac0 0000000000000002 d numempty
000000000003dac8 0000000000000018 D _C_numeric_locale
000000000003dae0 0000000000000004 d defaultDevice
000000000003dae8 0000000000000080 D devoptab_list
000000000003db68 00000000000000e0 D dotab_stdnull
000000000003dc48 0000000000000400 d _current_working_directory
000000000003e048 0000000000000010 d __stderr_handle
000000000003e058 0000000000000010 d __stdin_handle
000000000003e068 0000000000000010 d __stdout_handle
000000000003e078 0000000000002000 d handles
0000000000040078 D __bss_start__
0000000000040078 D __TMC_END__
0000000000040078 b completed.7870
0000000000040080 b object.7875
0000000000041000 0000000000001000 b g_work_page
0000000000042000 0000000000001000 b g_ff_page
0000000000043000 000000000002f000 b g_reboot_payload
0000000000072000 000000000000000c b g_splCryptoSrv
0000000000072010 000000000000000c b g_splEsSrv
0000000000072020 000000000000000c b g_splFsSrv
0000000000072030 000000000000000c b g_splManuSrv
0000000000072040 0000000000000008 b g_splRefCnt
0000000000072048 000000000000000c b g_splSrv
0000000000072058 000000000000000c b g_splSslSrv
0000000000072068 0000000000000050 b g_controllerDown
00000000000720b8 00000000000001e0 b g_controllerEntries
0000000000072298 0000000000000190 b g_controllerHeaders
0000000000072428 0000000000000050 b g_controllerHeld
0000000000072478 0000000000000028 b g_controllerLayout
00000000000724a0 0000000000000500 b g_controllerMisc
00000000000729a0 0000000000000050 b g_controllerOld
00000000000729f0 0000000000000004 b g_controllerP1AutoID
00000000000729f8 0000000000000050 b g_controllerTimestamps
0000000000072a48 0000000000000050 b g_controllerUp
0000000000072a98 000000000000000c b g_hidIAppletResource
0000000000072aa8 0000000000000010 b g_hidLock
0000000000072ab8 0000000000000020 b g_hidSharedmem
0000000000072ad8 000000000000000c b g_hidSrv
0000000000072ae8 0000000000000020 b g_keyboardDown
0000000000072b08 0000000000000038 b g_keyboardEntry
0000000000072b40 0000000000000020 b g_keyboardHeld
0000000000072b60 0000000000000008 b g_keyboardModDown
0000000000072b68 0000000000000008 b g_keyboardModHeld
0000000000072b70 0000000000000008 b g_keyboardModOld
0000000000072b78 0000000000000008 b g_keyboardModUp
0000000000072b80 0000000000000020 b g_keyboardOld
0000000000072ba0 0000000000000008 b g_keyboardTimestamp
0000000000072ba8 0000000000000020 b g_keyboardUp
0000000000072bc8 0000000000000400 b g_mouse
0000000000072fc8 0000000000000008 b g_mouseDown
0000000000072fd0 0000000000000008 b g_mouseEntry
0000000000072fd8 0000000000000008 b g_mouseHeld
0000000000072fe0 0000000000000008 b g_mouseOld
0000000000072fe8 0000000000000008 b g_mouseTimestamp
0000000000072ff0 0000000000000008 b g_mouseUp
0000000000072ff8 0000000000000008 b g_refCnt
0000000000073000 0000000000000008 b g_sevenSixAxisSensorBuffer
0000000000073008 0000000000000028 b g_sevenSixAxisSensorTmem0
0000000000073030 0000000000000028 b g_sevenSixAxisSensorTmem1
0000000000073058 000000000000000a b g_sixaxisEnabled
0000000000073068 0000000000004650 b g_sixaxisLayouts
00000000000776b8 0000000000000298 b g_touchEntry
0000000000077950 0000000000000008 b g_touchTimestamp
0000000000077958 0000000000000080 V __nx_applet_AppletAttribute
00000000000779d8 0000000000000008 V __nx_applet_PerformanceConfiguration
00000000000779e0 0000000000000004 V __nx_applet_exit_mode
00000000000779e4 0000000000000001 b g_appletCopyrightInitialized
00000000000779e8 0000000000000028 b g_appletCopyrightTmem
0000000000077a10 0000000000000004 b g_appletCpuBoostMode
0000000000077a14 0000000000000001 b g_appletExitProcessFlag
0000000000077a18 0000000000000004 b g_appletExitProcessResult
0000000000077a20 0000000000000018 b g_appletFirstHook
0000000000077a38 0000000000000001 b g_appletFocusState
0000000000077a40 000000000000000c b g_appletIAppletCommonFunctions
0000000000077a50 0000000000000008 b g_appletIAppletCommonFunctions_ptrbufsize
0000000000077a58 000000000000000c b g_appletIApplicationCreator
0000000000077a68 000000000000000c b g_appletIAudioController
0000000000077a78 000000000000000c b g_appletICommonStateGetter
0000000000077a88 000000000000000c b g_appletIDebugFunctions
0000000000077a98 000000000000000c b g_appletIDisplayController
0000000000077aa8 000000000000000c b g_appletIFunctions
0000000000077ab8 000000000000000c b g_appletIGlobalStateController
0000000000077ac8 000000000000000c b g_appletILibraryAppletCreator
0000000000077ad8 000000000000000c b g_appletILibraryAppletSelfAccessor
0000000000077ae8 000000000000000c b g_appletIProcessWindingController
0000000000077af8 000000000000000c b g_appletISelfController
0000000000077b08 0000000000000008 b g_appletISelfController_ptrbufsize
0000000000077b10 000000000000000c b g_appletIWindowController
0000000000077b20 0000000000000048 b g_appletInfo
0000000000077b68 0000000000000001 b g_appletInfoInitialized
0000000000077b70 0000000000000008 b g_appletInitTickBase
0000000000077b78 000000000000000c b g_appletLibraryAppletLaunchableEvent
0000000000077b88 000000000000000c b g_appletMessageEvent
0000000000077b94 0000000000000001 b g_appletNotifiedRunning
0000000000077b95 0000000000000001 b g_appletOperationMode
0000000000077b98 0000000000000004 b g_appletPerformanceMode
0000000000077ba0 000000000000000c b g_appletProxySession
0000000000077bac 0000000000000004 b g_appletRecordingInitialized
0000000000077bb0 0000000000000028 b g_appletRecordingTmem
0000000000077bd8 0000000000000008 b g_appletResourceUserId
0000000000077be0 000000000000000c b g_appletSrv
0000000000077bf0 0000000000000008 b g_appletSuspendedTick
0000000000077bf8 000000000000000c b g_appletSuspendedTickEvent
0000000000077c04 0000000000000001 b g_appletSuspendedTickInitialized
0000000000077c08 0000000000000008 b g_refCnt
0000000000077c10 0000000000000001 b g_hasRandomSeed
0000000000077c11 0000000000000001 b g_isNso
0000000000077c14 0000000000000004 b g_lastLoadResult
0000000000077c18 0000000000000008 b g_loaderInfo
0000000000077c20 0000000000000008 b g_loaderInfoSize
0000000000077c28 0000000000000008 b g_loaderRetAddr
0000000000077c30 0000000000000004 b g_mainThreadHandle
0000000000077c38 0000000000000008 b g_nextLoadArgv
0000000000077c40 0000000000000008 b g_nextLoadPath
0000000000077c48 0000000000000008 b g_overrideArgv
0000000000077c50 0000000000000008 b g_overrideHeapAddr
0000000000077c58 0000000000000008 b g_overrideHeapSize
0000000000077c60 0000000000000004 b g_processHandle
0000000000077c68 0000000000000010 b g_randomSeed
0000000000077c78 0000000000000010 b g_syscallHints
0000000000077c88 0000000000000008 b g_userIdStorage
0000000000077c90 0000000000000004 b g_hosVersion
0000000000077c98 0000000000000058 b currentCopy
0000000000077cf0 0000000000000008 b g_refCnt
0000000000077cf8 0000000000000200 b g_smOverrides
0000000000077ef8 0000000000000008 b g_smOverridesNum
0000000000077f00 000000000000000c b g_smSrv
0000000000077f10 000000000000000c b g_apmISession
0000000000077f20 000000000000000c b g_apmSrv
0000000000077f30 0000000000000008 b g_refCnt
0000000000077f38 0000000000000008 b g_argv_empty
0000000000077f40 0000000000000004 V __nx_exception_ignoredebug
0000000000077f50 0000000000000400 V __nx_exception_stack
0000000000078350 0000000000000008 V __nx_heap_size
0000000000078358 0000000000002300 b fsdev_fsdevices
000000000007a658 0000000000000001 b fsdev_initialised
000000000007a660 0000000000000010 b g_AddressSpace
000000000007a670 0000000000000008 b g_CurrentAddr
000000000007a678 0000000000000030 b g_Region
000000000007a6a8 0000000000000004 b g_VirtMemMutex
000000000007a6ac 0000000000000004 b g_Version
000000000007a6b0 0000000000000001 b g_VersionCached
000000000007a6b4 0000000000000004 b g_VersionMutex
000000000007a6b8 000000000000000c b g_fsSrv
000000000007a6c8 0000000000000008 b g_refCnt
000000000007a6d0 0000000000000008 b g_refCntSys
000000000007a6d8 000000000000000c b g_setsysSrv
000000000007a6e8 0000000000000008 b g_refCnt
000000000007a6f0 000000000000000c b g_timeLocalSystemClock
000000000007a700 000000000000000c b g_timeNetworkSystemClock
000000000007a710 000000000000000c b g_timeSrv
000000000007a720 000000000000000c b g_timeTimeZoneService
000000000007a730 000000000000000c b g_timeUserSystemClock
000000000007a740 0000000000000080 b g_defaultWin
000000000007a7c0 0000000000000050 b g_viDisplay
000000000007a810 0000000000000010 b g_viLayer
000000000007a820 0000000000000008 b __bootticks
000000000007a828 0000000000000008 b __boottime
000000000007a830 0000000000000004 V __nx_time_type
000000000007a838 0000000000000008 V __nx_vi_layer_id
000000000007a840 000000000000000c b g_viIApplicationDisplayService
000000000007a850 000000000000000c b g_viIHOSBinderDriverIndirect
000000000007a860 000000000000000c b g_viIHOSBinderDriverRelay
000000000007a870 000000000000000c b g_viIManagerDisplayService
000000000007a880 000000000000000c b g_viISystemDisplayService
000000000007a890 0000000000000008 b g_nvIpcBufferSize
000000000007a898 000000000000000c b g_nvSrv
000000000007a8a8 000000000000000c b g_nvSrvClone
000000000007a8b8 0000000000000028 b g_nvTransfermem
000000000007a8e0 0000000000000008 b g_refCnt
000000000007a8e8 0000000000000008 b g_refCnt
000000000007a8f0 0000000000000008 b g_NvEventUsedMask
000000000007a8f8 0000000000000300 b g_NvEvents
000000000007abf8 0000000000000008 b g_refCnt
000000000007ac00 000000000000000c b __sfp_recursive_mutex
000000000007ac10 000000000000000c b __sinit_recursive_mutex
000000000007ac20 0000000000000028 B __malloc_current_mallinfo
000000000007ac48 0000000000000008 B __malloc_max_sbrked_mem
000000000007ac50 0000000000000008 B __malloc_max_total_mem
000000000007ac58 0000000000000008 B __malloc_top_pad
000000000007ac60 000000000000000c b __malloc_recursive_mutex
000000000007ac6c 0000000000000004 b alloced.4086
000000000007ac70 000000000000000c B __atexit_recursive_mutex
000000000007ac80 0000000000000008 b initial_env
000000000007ac88 000000000000000c b __env_recursive_mutex
000000000007ac98 0000000000000008 b heap_start.5295
000000000007aca0 0000000000000008 B fake_heap_end
000000000007aca8 0000000000000008 B fake_heap_start
000000000007acb0 0000000000000400 b temp_cwd
000000000007b0b0 0000000000000004 b __hndl_lock
000000000007b0b8 0000000000000008 B __system_argv
000000000007b0c0 0000000000000004 B __system_argc
000000000007b0c8 0000000000000004 B __nxlink_host
000000000007b0d0 0000000000000340 B __nx_exceptiondump
000000000007b410 0000000000000008 B __stack_top
000000000007b418 B __tls_start
000000000007f820 B __bss_end__
000000000007f820 A __end__
000000000007f820 B __tls_end
0000000000080000 A __argdata__
